2026-01-18 13:10:58,265 - INFO - ============================================================
2026-01-18 13:10:58,265 - INFO - PC Explorer USB Server - Starting
2026-01-18 13:10:58,266 - INFO - ============================================================
2026-01-18 13:10:58,267 - INFO - Startup time: 2026-01-18T13:10:58.267532
2026-01-18 13:10:58,267 - INFO - Python version: 3.11.9 (tags/v3.11.9:de54cf5, Apr  2 2024, 10:12:12) [MSC v.1938 64 bit (AMD64)]
2026-01-18 13:10:58,268 - INFO - Platform: win32
2026-01-18 13:10:58,268 - INFO - Frozen (exe): True
2026-01-18 13:10:58,269 - INFO - Executable: I:\Загрузки\Mobile to pc\pc-explorer-server.exe
2026-01-18 13:10:58,270 - INFO - Bundle dir: C:\Users\Admin-1\AppData\Local\Temp\_MEI75842
2026-01-18 13:10:58,270 - INFO - Working directory: I:\Загрузки\Mobile to pc
2026-01-18 13:10:58,270 - INFO - Log file: I:\Загрузки\Mobile to pc\logs\pc-explorer-server_20260118_131058.log
2026-01-18 13:10:58,270 - INFO - Mode: auto
2026-01-18 13:10:58,271 - INFO - Verbose: False
2026-01-18 13:10:58,271 - INFO - ADB found: I:\Загрузки\Mobile to pc\platform-tools\adb.exe
2026-01-18 13:10:58,272 - INFO - ------------------------------------------------------------
2026-01-18 13:10:58,303 - INFO - Auto-detecting connection mode...
2026-01-18 13:10:58,304 - INFO - Found ADB at: I:\Загрузки\Mobile to pc\platform-tools\adb.exe
2026-01-18 13:10:58,306 - INFO - Using ADB: I:\Загрузки\Mobile to pc\platform-tools\adb.exe
2026-01-18 13:10:58,490 - INFO - ADB device check: Device ready: DUA-L22
2026-01-18 13:10:58,491 - INFO - Starting TCP server on port 5555 (ADB reverse mode)
2026-01-18 13:10:58,492 - INFO - Checking for existing ADB port forwards...
2026-01-18 13:10:58,529 - INFO - TCP server bound to localhost:5555
2026-01-18 13:10:58,744 - INFO - ADB reverse forwarding set up: device:5555 -> localhost:5555
2026-01-18 13:10:58,746 - INFO - ADB reverse forwarding: ADB reverse forwarding ready for DUA-L22
2026-01-18 13:10:58,746 - INFO - Waiting for Android app to connect...
2026-01-18 13:10:58,747 - INFO - On your phone, the app should connect to localhost:5555
