2026-01-18 13:12:11,130 - INFO - ============================================================
2026-01-18 13:12:11,131 - INFO - PC Explorer USB Server - Starting
2026-01-18 13:12:11,131 - INFO - ============================================================
2026-01-18 13:12:11,131 - INFO - Startup time: 2026-01-18T13:12:11.131513
2026-01-18 13:12:11,132 - INFO - Python version: 3.11.9 (tags/v3.11.9:de54cf5, Apr  2 2024, 10:12:12) [MSC v.1938 64 bit (AMD64)]
2026-01-18 13:12:11,132 - INFO - Platform: win32
2026-01-18 13:12:11,132 - INFO - Frozen (exe): True
2026-01-18 13:12:11,133 - INFO - Executable: I:\Загрузки\Mobile to pc\pc-explorer-server.exe
2026-01-18 13:12:11,133 - INFO - Bundle dir: C:\Users\Admin-1\AppData\Local\Temp\_MEI35722
2026-01-18 13:12:11,133 - INFO - Working directory: I:\Загрузки\Mobile to pc
2026-01-18 13:12:11,133 - INFO - Log file: I:\Загрузки\Mobile to pc\logs\pc-explorer-server_20260118_131211.log
2026-01-18 13:12:11,133 - INFO - Mode: auto
2026-01-18 13:12:11,134 - INFO - Verbose: False
2026-01-18 13:12:11,136 - INFO - ADB found: I:\Загрузки\Mobile to pc\platform-tools\adb.exe
2026-01-18 13:12:11,136 - INFO - ------------------------------------------------------------
2026-01-18 13:12:11,166 - INFO - Auto-detecting connection mode...
2026-01-18 13:12:11,169 - INFO - Found ADB at: I:\Загрузки\Mobile to pc\platform-tools\adb.exe
2026-01-18 13:12:11,171 - INFO - Using ADB: I:\Загрузки\Mobile to pc\platform-tools\adb.exe
2026-01-18 13:12:11,496 - INFO - ADB device check: Device ready: DUA-L22
2026-01-18 13:12:11,497 - INFO - Starting TCP server on port 5555 (ADB reverse mode)
2026-01-18 13:12:11,498 - INFO - Checking for existing ADB port forwards...
2026-01-18 13:12:11,536 - INFO - TCP server bound to localhost:5555
2026-01-18 13:12:11,782 - INFO - ADB reverse forwarding set up: device:5555 -> localhost:5555
2026-01-18 13:12:11,785 - INFO - ADB reverse forwarding: ADB reverse forwarding ready for DUA-L22
2026-01-18 13:12:11,786 - INFO - Waiting for Android app to connect...
2026-01-18 13:12:11,786 - INFO - On your phone, the app should connect to localhost:5555
