2026-01-18 14:33:33,926 - INFO - ============================================================
2026-01-18 14:33:33,927 - INFO - PC Explorer USB Server - Starting
2026-01-18 14:33:33,927 - INFO - ============================================================
2026-01-18 14:33:33,928 - INFO - Startup time: 2026-01-18T14:33:33.928291
2026-01-18 14:33:33,928 - INFO - Python version: 3.11.9 (tags/v3.11.9:de54cf5, Apr  2 2024, 10:12:12) [MSC v.1938 64 bit (AMD64)]
2026-01-18 14:33:33,928 - INFO - Platform: win32
2026-01-18 14:33:33,928 - INFO - Frozen (exe): True
2026-01-18 14:33:33,929 - INFO - Executable: I:\Загрузки\Mobile to pc\pc-explorer-server.exe
2026-01-18 14:33:33,929 - INFO - Bundle dir: C:\Users\Admin-1\AppData\Local\Temp\_MEI50442
2026-01-18 14:33:33,929 - INFO - Working directory: I:\Загрузки\Mobile to pc
2026-01-18 14:33:33,929 - INFO - Log file: I:\Загрузки\Mobile to pc\logs\pc-explorer-server_20260118_143333.log
2026-01-18 14:33:33,930 - INFO - Mode: auto
2026-01-18 14:33:33,930 - INFO - Verbose: False
2026-01-18 14:33:33,931 - INFO - ADB found: I:\Загрузки\Mobile to pc\platform-tools\adb.exe
2026-01-18 14:33:33,931 - INFO - ------------------------------------------------------------
2026-01-18 14:33:33,960 - INFO - Auto-detecting connection mode...
2026-01-18 14:33:33,962 - INFO - Found ADB at: I:\Загрузки\Mobile to pc\platform-tools\adb.exe
2026-01-18 14:33:33,963 - INFO - Using ADB: I:\Загрузки\Mobile to pc\platform-tools\adb.exe
2026-01-18 14:33:34,182 - INFO - ADB device check: Device ready: DUA-L22
2026-01-18 14:33:34,183 - INFO - Starting TCP server on port 5555 (ADB reverse mode)
2026-01-18 14:33:34,184 - INFO - Checking for existing ADB port forwards...
2026-01-18 14:33:34,218 - INFO - TCP server bound to localhost:5555
2026-01-18 14:33:34,469 - INFO - ADB reverse forwarding set up: device:5555 -> localhost:5555
2026-01-18 14:33:34,470 - INFO - ADB reverse forwarding: ADB reverse forwarding ready for DUA-L22
2026-01-18 14:33:34,471 - INFO - Waiting for Android app to connect...
2026-01-18 14:33:34,472 - INFO - On your phone, the app should connect to localhost:5555
2026-01-18 14:33:37,031 - INFO - Connection from ('127.0.0.1', 30552)
2026-01-18 14:33:37,033 - INFO - Handling connection...
2026-01-18 14:33:37,035 - INFO - Handshake from: PCEX-Android-1.0
