2026-01-18 11:55:35,289 - INFO - ============================================================
2026-01-18 11:55:35,290 - INFO - PC Explorer USB Server - Starting
2026-01-18 11:55:35,290 - INFO - ============================================================
2026-01-18 11:55:35,290 - INFO - Startup time: 2026-01-18T11:55:35.290244
2026-01-18 11:55:35,290 - INFO - Python version: 3.11.9 (tags/v3.11.9:de54cf5, Apr  2 2024, 10:12:12) [MSC v.1938 64 bit (AMD64)]
2026-01-18 11:55:35,291 - INFO - Platform: win32
2026-01-18 11:55:35,291 - INFO - Frozen (exe): True
2026-01-18 11:55:35,291 - INFO - Executable: I:\Загрузки\Mobile to pc\pc-explorer-server.exe
2026-01-18 11:55:35,291 - INFO - Bundle dir: C:\Users\Admin-1\AppData\Local\Temp\_MEI65842
2026-01-18 11:55:35,292 - INFO - Working directory: I:\Загрузки\Mobile to pc
2026-01-18 11:55:35,292 - INFO - Log file: I:\Загрузки\Mobile to pc\logs\pc-explorer-server_20260118_115535.log
2026-01-18 11:55:35,292 - INFO - Mode: auto
2026-01-18 11:55:35,292 - INFO - Verbose: False
2026-01-18 11:55:35,293 - INFO - ADB found: I:\Загрузки\Mobile to pc\platform-tools\adb.exe
2026-01-18 11:55:35,293 - INFO - ------------------------------------------------------------
2026-01-18 11:55:35,323 - INFO - Auto-detecting connection mode...
2026-01-18 11:55:35,325 - INFO - Found ADB at: I:\Загрузки\Mobile to pc\platform-tools\adb.exe
2026-01-18 11:55:35,326 - INFO - Using ADB: I:\Загрузки\Mobile to pc\platform-tools\adb.exe
2026-01-18 11:55:35,553 - INFO - ADB device check: Device ready: DUA-L22
2026-01-18 11:55:35,554 - INFO - Starting TCP server on port 5555 (ADB reverse mode)
2026-01-18 11:55:35,555 - INFO - Checking for existing ADB port forwards...
2026-01-18 11:55:35,590 - INFO - Found existing ADB forward on port 5555, removing it...
2026-01-18 11:55:35,626 - INFO - Removed port forwarding on port 5555
2026-01-18 11:55:35,627 - INFO - Successfully removed existing forward on port 5555
2026-01-18 11:55:35,629 - INFO - TCP server bound to localhost:5555
2026-01-18 11:55:35,903 - INFO - ADB reverse forwarding set up: device:5555 -> localhost:5555
2026-01-18 11:55:35,904 - INFO - ADB reverse forwarding: ADB reverse forwarding ready for DUA-L22
2026-01-18 11:55:35,905 - INFO - Waiting for Android app to connect...
2026-01-18 11:55:35,905 - INFO - On your phone, the app should connect to localhost:5555
